<?xml version="1.0" encoding="UTF-8"?>
<!-- Generated by org.testng.reporters.JUnitXMLReporter -->
<testsuite hostname="MASTER" ignored="0" name="Test" tests="2" failures="0" timestamp="04 Feb 2018 16:35:51 GMT" time="4.428" errors="0">
  <testcase name="@BeforeMethod preCondition" time="0.0" classname="scripts.BaseTest">
    <failure type="org.openqa.selenium.SessionNotCreatedException" message="Unable to find a matching set of capabilities
Build info: version: &amp;apos;3.8.1&amp;apos;, revision: &amp;apos;6e95a6684b&amp;apos;, time: &amp;apos;2017-12-01T19:05:32.194Z&amp;apos;
System info: host: &amp;apos;MASTER&amp;apos;, ip: &amp;apos;192.168.52.1&amp;apos;, os.name: &amp;apos;Windows 8.1&amp;apos;, os.arch: &amp;apos;amd64&amp;apos;, os.version: &amp;apos;6.3&amp;apos;, java.version: &amp;apos;1.8.0_73&amp;apos;
Driver info: driver.version: FirefoxDriver
remote stacktrace: stack backtrace:
   0:           0x4bb74f - &amp;lt;no info&amp;gt;
   1:           0x4bbea9 - &amp;lt;no info&amp;gt;
   2:           0x43df94 - &amp;lt;no info&amp;gt;
   3:           0x447acf - &amp;lt;no info&amp;gt;
   4:           0x4203e1 - &amp;lt;no info&amp;gt;
   5:           0x407dc7 - &amp;lt;no info&amp;gt;
   6:           0x6d95b9 - &amp;lt;no info&amp;gt;
   7:           0x4173a7 - &amp;lt;no info&amp;gt;
   8:           0x6d38b3 - &amp;lt;no info&amp;gt;
   9:     0x7ffd133313d2 - BaseThreadInitThunk">
      <![CDATA[org.openqa.selenium.SessionNotCreatedException: Unable to find a matching set of capabilities
Build info: version: '3.8.1', revision: '6e95a6684b', time: '2017-12-01T19:05:32.194Z'
System info: host: 'MASTER', ip: '192.168.52.1', os.name: 'Windows 8.1', os.arch: 'amd64', os.version: '6.3', java.version: '1.8.0_73'
Driver info: driver.version: FirefoxDriver
remote stacktrace: stack backtrace:
   0:           0x4bb74f - <no info>
   1:           0x4bbea9 - <no info>
   2:           0x43df94 - <no info>
   3:           0x447acf - <no info>
   4:           0x4203e1 - <no info>
   5:           0x407dc7 - <no info>
   6:           0x6d95b9 - <no info>
   7:           0x4173a7 - <no info>
   8:           0x6d38b3 - <no info>
   9:     0x7ffd133313d2 - BaseThreadInitThunk
	at org.openqa.selenium.remote.W3CHandshakeResponse.lambda$new$0(W3CHandshakeResponse.java:57)
	at org.openqa.selenium.remote.W3CHandshakeResponse.lambda$getResponseFunction$2(W3CHandshakeResponse.java:104)
	at org.openqa.selenium.remote.ProtocolHandshake.lambda$createSession$0(ProtocolHandshake.java:123)
	at java.util.stream.ReferencePipeline$3$1.accept(Unknown Source)
	at java.util.Spliterators$ArraySpliterator.tryAdvance(Unknown Source)
	at java.util.stream.ReferencePipeline.forEachWithCancel(Unknown Source)
	at java.util.stream.AbstractPipeline.copyIntoWithCancel(Unknown Source)
	at java.util.stream.AbstractPipeline.copyInto(Unknown Source)
	at java.util.stream.AbstractPipeline.wrapAndCopyInto(Unknown Source)
	at java.util.stream.FindOps$FindOp.evaluateSequential(Unknown Source)
	at java.util.stream.AbstractPipeline.evaluate(Unknown Source)
	at java.util.stream.ReferencePipeline.findFirst(Unknown Source)
	at org.openqa.selenium.remote.ProtocolHandshake.createSession(ProtocolHandshake.java:126)
	at org.openqa.selenium.remote.ProtocolHandshake.createSession(ProtocolHandshake.java:73)
	at org.openqa.selenium.remote.HttpCommandExecutor.execute(HttpCommandExecutor.java:142)
	at org.openqa.selenium.remote.service.DriverCommandExecutor.execute(DriverCommandExecutor.java:83)
	at org.openqa.selenium.remote.RemoteWebDriver.execute(RemoteWebDriver.java:601)
	at org.openqa.selenium.remote.RemoteWebDriver.startSession(RemoteWebDriver.java:219)
	at org.openqa.selenium.remote.RemoteWebDriver.<init>(RemoteWebDriver.java:142)
	at org.openqa.selenium.firefox.FirefoxDriver.<init>(FirefoxDriver.java:120)
	at org.openqa.selenium.firefox.FirefoxDriver.<init>(FirefoxDriver.java:98)
	at scripts.BaseTest.preCondition(BaseTest.java:20)
... Removed 31 stack frames]]>
    </failure>
  </testcase> <!-- @BeforeMethod preCondition -->
  <testcase name="@AfterMethod postCondition" time="0.0" classname="scripts.BaseTest">
    <skipped/>
  </testcase> <!-- @AfterMethod postCondition -->
  <testcase name="@BeforeMethod preCondition" time="0.0" classname="scripts.BaseTest">
    <skipped/>
  </testcase> <!-- @BeforeMethod preCondition -->
  <testcase name="@AfterMethod postCondition" time="0.0" classname="scripts.BaseTest">
    <skipped/>
  </testcase> <!-- @AfterMethod postCondition -->
  <testcase name="testInvalidLogin" time="0.004" classname="scripts.InvalidLoginExcel">
    <skipped/>
  </testcase> <!-- testInvalidLogin -->
  <testcase name="testValidLogin1" time="0.002" classname="scripts.ValidLoginExcel">
    <skipped/>
  </testcase> <!-- testValidLogin1 -->
</testsuite> <!-- Test -->
